<?xml version="1.0" encoding="UTF-8"?>
<testsuite xmlns:xsi="http://www.w3.org/2001/XMLSchema-instance" xsi:noNamespaceSchemaLocation="https://maven.apache.org/surefire/maven-surefire-plugin/xsd/surefire-test-report-3.0.xsd" version="3.0" name="com.example.LionTest" time="5.662" tests="5" errors="0" skipped="0" failures="0">
  <properties>
[...]
</properties>
  <testcase name="testGetFood" classname="com.example.LionTest" time="5.165"/>
  <testcase name="testGetKittens" classname="com.example.LionTest" time="0.021"/>
  <testcase name="testLionHasMane(String, boolean)[1]" classname="com.example.LionTest" time="0.063"/>
  <testcase name="testLionHasMane(String, boolean)[2]" classname="com.example.LionTest" time="0.014"/>
  <testcase name="testLionHasManeException" classname="com.example.LionTest" time="0.016"/>
</testsuite>